<?xml version="1.0" encoding="UTF-8"?>
<!-- Generated by org.testng.reporters.JUnitReportReporter -->
<testsuite hostname="LAPTOP-MF2L4TLF" failures="0" tests="1" name="com.magnetocases.SignInTestCases" time="39.425" errors="0" timestamp="2025-01-12T21:50:52 IST" skipped="0">
  <testcase classname="com.magnetocases.SignInTestCases" name="signInUsingValidData" time="39.425"/>
  <system-out/>
</testsuite> <!-- com.magnetocases.SignInTestCases -->
