<?xml version="1.0" encoding="UTF-8"?>
<!-- Generated by org.testng.reporters.JUnitReportReporter -->
<testsuite hostname="LAPTOP-MF2L4TLF" failures="0" tests="1" name="com.magnetocases.RegistrationPageTestCases" time="14.854" errors="0" timestamp="2025-01-23T16:18:27 IST" skipped="0">
  <testcase classname="com.magnetocases.RegistrationPageTestCases" name="createAccountForNewUserWithValidData" time="14.854"/>
  <system-out/>
</testsuite> <!-- com.magnetocases.RegistrationPageTestCases -->
